<?xml version="1.0" encoding="UTF-8"?>
<!-- Generated by org.testng.reporters.JUnitXMLReporter -->
<testsuite ignored="0" hostname="LTIN520817" failures="0" tests="11" name="Test" time="58.395" errors="0" timestamp="2024-05-01T17:54:35 IST">
  <testcase classname="CASOutreach.OutreachMain" name="beCognizant" time="14.643"/>
  <testcase classname="CASOutreach.OutreachMain" name="onCognizant" time="10.398"/>
  <testcase classname="CASOutreach.OutreachMain" name="menu" time="0.614"/>
  <testcase classname="CASOutreach.OutreachMain" name="submenu" time="4.174"/>
  <testcase classname="CASOutreach.OutreachMain" name="interstCardList" time="0.053"/>
  <testcase classname="CASOutreach.OutreachMain" name="serachFilterButton" time="3.609"/>
  <testcase classname="CASOutreach.OutreachMain" name="fromDate" time="0.569"/>
  <testcase classname="CASOutreach.OutreachMain" name="toDate" time="0.312"/>
  <testcase classname="CASOutreach.OutreachMain" name="filterSearchButton" time="0.652"/>
  <testcase classname="CASOutreach.OutreachMain" name="displaySearchResults" time="0.256"/>
  <testcase classname="CASOutreach.OutreachMain" name="vlounteerOption" time="0.534"/>
</testsuite> <!-- Test -->
